--- PyRedisAudit Server Starting ---
Config: /home/work/PyRedisAudit/config/default_config.yaml
Log File: /home/work/PyRedisAudit/logs/audit.log
Log Level: INFO
Target Redis Version: 6.0
Listening on 0.0.0.0:5000
------------------------------------
 * Serving Flask app 'app'
 * Debug mode: off
[31m[1mWARNING: This is a development server. Do not use it in a production deployment. Use a production WSGI server instead.[0m
 * Running on all addresses (0.0.0.0)
 * Running on http://127.0.0.1:5000
 * Running on http://172.16.109.131:5000
[33mPress CTRL+C to quit[0m
Traceback (most recent call last):
  File "/home/work/PyRedisAudit/app.py", line 6, in <module>
    from core.parser import RedisCommandParser
  File "/home/work/PyRedisAudit/core/parser.py", line 107
    parsed = self.parse_line(line)
IndentationError: unexpected indent
Traceback (most recent call last):
  File "/home/work/PyRedisAudit/app.py", line 4, in <module>
    from flask import Flask, request, jsonify
ModuleNotFoundError: No module named 'flask'
Traceback (most recent call last):
  File "/home/work/PyRedisAudit/app.py", line 6, in <module>
    from core.parser import RedisCommandParser
  File "/home/work/PyRedisAudit/core/parser.py", line 107
    parsed = self.parse_line(line)
IndentationError: unexpected indent
